Found 10004 trajectory files to process
Processed frame 1/10004
Successfully identified 1000 water molecules
Box size: [31.04544 31.06069 31.08389]
Processed frame 11/10004
Processed frame 21/10004
Processed frame 31/10004
Processed frame 41/10004
Processed frame 51/10004
Processed frame 61/10004
Processed frame 71/10004
Processed frame 81/10004
Processed frame 91/10004
Processed frame 101/10004
Processed frame 111/10004
Processed frame 121/10004
Processed frame 131/10004
Processed frame 141/10004
Processed frame 151/10004
Processed frame 161/10004
Processed frame 171/10004
Processed frame 181/10004
Processed frame 191/10004
Processed frame 201/10004
Processed frame 211/10004
Processed frame 221/10004
Processed frame 231/10004
Processed frame 241/10004
Processed frame 251/10004
Processed frame 261/10004
Processed frame 271/10004
Processed frame 281/10004
Processed frame 291/10004
Processed frame 301/10004
Processed frame 311/10004
Processed frame 321/10004
Processed frame 331/10004
Processed frame 341/10004
Processed frame 351/10004
Processed frame 361/10004
Processed frame 371/10004
Processed frame 381/10004
Processed frame 391/10004
Processed frame 401/10004
Processed frame 411/10004
Processed frame 421/10004
Processed frame 431/10004
Processed frame 441/10004
Processed frame 451/10004
Processed frame 461/10004
Processed frame 471/10004
Processed frame 481/10004
Processed frame 491/10004
Processed frame 501/10004
Processed frame 511/10004
Processed frame 521/10004
Processed frame 531/10004
Processed frame 541/10004
Processed frame 551/10004
Processed frame 561/10004
Processed frame 571/10004
Processed frame 581/10004
Processed frame 591/10004
Processed frame 601/10004
Processed frame 611/10004
Processed frame 621/10004
Processed frame 631/10004
Processed frame 641/10004
Processed frame 651/10004
Processed frame 661/10004
Processed frame 671/10004
Processed frame 681/10004
Processed frame 691/10004
Processed frame 701/10004
Processed frame 711/10004
Processed frame 721/10004
Processed frame 731/10004
Processed frame 741/10004
Processed frame 751/10004
Processed frame 761/10004
Processed frame 771/10004
Processed frame 781/10004
Processed frame 791/10004
Processed frame 801/10004
Processed frame 811/10004
Processed frame 821/10004
Processed frame 831/10004
Processed frame 841/10004
Processed frame 851/10004
Processed frame 861/10004
Processed frame 871/10004
Processed frame 881/10004
Processed frame 891/10004
Processed frame 901/10004
Processed frame 911/10004
Processed frame 921/10004
Processed frame 931/10004
Processed frame 941/10004
Processed frame 951/10004
Processed frame 961/10004
Processed frame 971/10004
Processed frame 981/10004
Processed frame 991/10004
Processed frame 1001/10004
Processed frame 1011/10004
Processed frame 1021/10004
Processed frame 1031/10004
Processed frame 1041/10004
Processed frame 1051/10004
Processed frame 1061/10004
Processed frame 1071/10004
Processed frame 1081/10004
Processed frame 1091/10004
Processed frame 1101/10004
Processed frame 1111/10004
Processed frame 1121/10004
Processed frame 1131/10004
Processed frame 1141/10004
Processed frame 1151/10004
Processed frame 1161/10004
Processed frame 1171/10004
Processed frame 1181/10004
Processed frame 1191/10004
Processed frame 1201/10004
Processed frame 1211/10004
Processed frame 1221/10004
Processed frame 1231/10004
Processed frame 1241/10004
Processed frame 1251/10004
Processed frame 1261/10004
Processed frame 1271/10004
Processed frame 1281/10004
Processed frame 1291/10004
Processed frame 1301/10004
Processed frame 1311/10004
Processed frame 1321/10004
Processed frame 1331/10004
Processed frame 1341/10004
Processed frame 1351/10004
Processed frame 1361/10004
Processed frame 1371/10004
Processed frame 1381/10004
Processed frame 1391/10004
Processed frame 1401/10004
Processed frame 1411/10004
Processed frame 1421/10004
Processed frame 1431/10004
Processed frame 1441/10004
Processed frame 1451/10004
Processed frame 1461/10004
Processed frame 1471/10004
Processed frame 1481/10004
Processed frame 1491/10004
Processed frame 1501/10004
Processed frame 1511/10004
Processed frame 1521/10004
Processed frame 1531/10004
Processed frame 1541/10004
Processed frame 1551/10004
Processed frame 1561/10004
Processed frame 1571/10004
Processed frame 1581/10004
Processed frame 1591/10004
Processed frame 1601/10004
Processed frame 1611/10004
Processed frame 1621/10004
Processed frame 1631/10004
Processed frame 1641/10004
Processed frame 1651/10004
Processed frame 1661/10004
Processed frame 1671/10004
Processed frame 1681/10004
Processed frame 1691/10004
Processed frame 1701/10004
Processed frame 1711/10004
Processed frame 1721/10004
Processed frame 1731/10004
Processed frame 1741/10004
Processed frame 1751/10004
Processed frame 1761/10004
Processed frame 1771/10004
Processed frame 1781/10004
Processed frame 1791/10004
Processed frame 1801/10004
Processed frame 1811/10004
Processed frame 1821/10004
Processed frame 1831/10004
Processed frame 1841/10004
Processed frame 1851/10004
Processed frame 1861/10004
Processed frame 1871/10004
Processed frame 1881/10004
Processed frame 1891/10004
Processed frame 1901/10004
Processed frame 1911/10004
Processed frame 1921/10004
Processed frame 1931/10004
Processed frame 1941/10004
Processed frame 1951/10004
Processed frame 1961/10004
Processed frame 1971/10004
Processed frame 1981/10004
Processed frame 1991/10004
Processed frame 2001/10004
Processed frame 2011/10004
Processed frame 2021/10004
Processed frame 2031/10004
Processed frame 2041/10004
Processed frame 2051/10004
Processed frame 2061/10004
Processed frame 2071/10004
Processed frame 2081/10004
Processed frame 2091/10004
Processed frame 2101/10004
Processed frame 2111/10004
Processed frame 2121/10004
Processed frame 2131/10004
Processed frame 2141/10004
Processed frame 2151/10004
Processed frame 2161/10004
Processed frame 2171/10004
Processed frame 2181/10004
Processed frame 2191/10004
Processed frame 2201/10004
Processed frame 2211/10004
Processed frame 2221/10004
Processed frame 2231/10004
Processed frame 2241/10004
Processed frame 2251/10004
Processed frame 2261/10004
Processed frame 2271/10004
Processed frame 2281/10004
Processed frame 2291/10004
Processed frame 2301/10004
Processed frame 2311/10004
Processed frame 2321/10004
Processed frame 2331/10004
Processed frame 2341/10004
Processed frame 2351/10004
Processed frame 2361/10004
Processed frame 2371/10004
Processed frame 2381/10004
Processed frame 2391/10004
Processed frame 2401/10004
Processed frame 2411/10004
Processed frame 2421/10004
Processed frame 2431/10004
Processed frame 2441/10004
Processed frame 2451/10004
Processed frame 2461/10004
Processed frame 2471/10004
Processed frame 2481/10004
Processed frame 2491/10004
Processed frame 2501/10004
Processed frame 2511/10004
Processed frame 2521/10004
Processed frame 2531/10004
Processed frame 2541/10004
Processed frame 2551/10004
Processed frame 2561/10004
Processed frame 2571/10004
Processed frame 2581/10004
Processed frame 2591/10004
Processed frame 2601/10004
Processed frame 2611/10004
Processed frame 2621/10004
Processed frame 2631/10004
Processed frame 2641/10004
Processed frame 2651/10004
Processed frame 2661/10004
Processed frame 2671/10004
Processed frame 2681/10004
Processed frame 2691/10004
Processed frame 2701/10004
Processed frame 2711/10004
Processed frame 2721/10004
Processed frame 2731/10004
Processed frame 2741/10004
Processed frame 2751/10004
Processed frame 2761/10004
Processed frame 2771/10004
Processed frame 2781/10004
Processed frame 2791/10004
Processed frame 2801/10004
Processed frame 2811/10004
Processed frame 2821/10004
Processed frame 2831/10004
Processed frame 2841/10004
Processed frame 2851/10004
Processed frame 2861/10004
Processed frame 2871/10004
Processed frame 2881/10004
Processed frame 2891/10004
Processed frame 2901/10004
Processed frame 2911/10004
Processed frame 2921/10004
Processed frame 2931/10004
Processed frame 2941/10004
Processed frame 2951/10004
Processed frame 2961/10004
Processed frame 2971/10004
Processed frame 2981/10004
Processed frame 2991/10004
Processed frame 3001/10004
Processed frame 3011/10004
Processed frame 3021/10004
Processed frame 3031/10004
Processed frame 3041/10004
Processed frame 3051/10004
Processed frame 3061/10004
Processed frame 3071/10004
Processed frame 3081/10004
Processed frame 3091/10004
Processed frame 3101/10004
Processed frame 3111/10004
Processed frame 3121/10004
Processed frame 3131/10004
Processed frame 3141/10004
Processed frame 3151/10004
Processed frame 3161/10004
Processed frame 3171/10004
Processed frame 3181/10004
Processed frame 3191/10004
Processed frame 3201/10004
Processed frame 3211/10004
Processed frame 3221/10004
Processed frame 3231/10004
Processed frame 3241/10004
Processed frame 3251/10004
Processed frame 3261/10004
Processed frame 3271/10004
Processed frame 3281/10004
Processed frame 3291/10004
Processed frame 3301/10004
Processed frame 3311/10004
Processed frame 3321/10004
Processed frame 3331/10004
Processed frame 3341/10004
Processed frame 3351/10004
Processed frame 3361/10004
Processed frame 3371/10004
Processed frame 3381/10004
Processed frame 3391/10004
Processed frame 3401/10004
Processed frame 3411/10004
Processed frame 3421/10004
Processed frame 3431/10004
Processed frame 3441/10004
Processed frame 3451/10004
Processed frame 3461/10004
Processed frame 3471/10004
Processed frame 3481/10004
Processed frame 3491/10004
Processed frame 3501/10004
Processed frame 3511/10004
Processed frame 3521/10004
Processed frame 3531/10004
Processed frame 3541/10004
Processed frame 3551/10004
Processed frame 3561/10004
Processed frame 3571/10004
Processed frame 3581/10004
Processed frame 3591/10004
Processed frame 3601/10004
Processed frame 3611/10004
Processed frame 3621/10004
Processed frame 3631/10004
Processed frame 3641/10004
Processed frame 3651/10004
Processed frame 3661/10004
Processed frame 3671/10004
Processed frame 3681/10004
Processed frame 3691/10004
Processed frame 3701/10004
Processed frame 3711/10004
Processed frame 3721/10004
Processed frame 3731/10004
Processed frame 3741/10004
Processed frame 3751/10004
Processed frame 3761/10004
Processed frame 3771/10004
Processed frame 3781/10004
Processed frame 3791/10004
Processed frame 3801/10004
Processed frame 3811/10004
Processed frame 3821/10004
Processed frame 3831/10004
Processed frame 3841/10004
Processed frame 3851/10004
Processed frame 3861/10004
Processed frame 3871/10004
Processed frame 3881/10004
Processed frame 3891/10004
Processed frame 3901/10004
Processed frame 3911/10004
Processed frame 3921/10004
Processed frame 3931/10004
Processed frame 3941/10004
Processed frame 3951/10004
Processed frame 3961/10004
Processed frame 3971/10004
Processed frame 3981/10004
Processed frame 3991/10004
Processed frame 4001/10004
Processed frame 4011/10004
Processed frame 4021/10004
Processed frame 4031/10004
Processed frame 4041/10004
Processed frame 4051/10004
Processed frame 4061/10004
Processed frame 4071/10004
Processed frame 4081/10004
Processed frame 4091/10004
Processed frame 4101/10004
Processed frame 4111/10004
Processed frame 4121/10004
Processed frame 4131/10004
Processed frame 4141/10004
Processed frame 4151/10004
Processed frame 4161/10004
Processed frame 4171/10004
Processed frame 4181/10004
Processed frame 4191/10004
Processed frame 4201/10004
Processed frame 4211/10004
Processed frame 4221/10004
Processed frame 4231/10004
Processed frame 4241/10004
Processed frame 4251/10004
Processed frame 4261/10004
Processed frame 4271/10004
Processed frame 4281/10004
Processed frame 4291/10004
Processed frame 4301/10004
Processed frame 4311/10004
Processed frame 4321/10004
Processed frame 4331/10004
Processed frame 4341/10004
Processed frame 4351/10004
Processed frame 4361/10004
Processed frame 4371/10004
Processed frame 4381/10004
Processed frame 4391/10004
Processed frame 4401/10004
Processed frame 4411/10004
Processed frame 4421/10004
Processed frame 4431/10004
Processed frame 4441/10004
Processed frame 4451/10004
Processed frame 4461/10004
Processed frame 4471/10004
Processed frame 4481/10004
Processed frame 4491/10004
Processed frame 4501/10004
Processed frame 4511/10004
Processed frame 4521/10004
Processed frame 4531/10004
Processed frame 4541/10004
Processed frame 4551/10004
Processed frame 4561/10004
Processed frame 4571/10004
Processed frame 4581/10004
Processed frame 4591/10004
Processed frame 4601/10004
Processed frame 4611/10004
Processed frame 4621/10004
Processed frame 4631/10004
Processed frame 4641/10004
Processed frame 4651/10004
Processed frame 4661/10004
Processed frame 4671/10004
Processed frame 4681/10004
Processed frame 4691/10004
Processed frame 4701/10004
Processed frame 4711/10004
Processed frame 4721/10004
Processed frame 4731/10004
Processed frame 4741/10004
Processed frame 4751/10004
Processed frame 4761/10004
Processed frame 4771/10004
Processed frame 4781/10004
Processed frame 4791/10004
Processed frame 4801/10004
Processed frame 4811/10004
Processed frame 4821/10004
Processed frame 4831/10004
Processed frame 4841/10004
Processed frame 4851/10004
Processed frame 4861/10004
Processed frame 4871/10004
Processed frame 4881/10004
Processed frame 4891/10004
Processed frame 4901/10004
Processed frame 4911/10004
Processed frame 4921/10004
Processed frame 4931/10004
Processed frame 4941/10004
Processed frame 4951/10004
Processed frame 4961/10004
Processed frame 4971/10004
Processed frame 4981/10004
Processed frame 4991/10004
Processed frame 5001/10004
Processed frame 5011/10004
Processed frame 5021/10004
Processed frame 5031/10004
Processed frame 5041/10004
Processed frame 5051/10004
Processed frame 5061/10004
Processed frame 5071/10004
Processed frame 5081/10004
Processed frame 5091/10004
Processed frame 5101/10004
Processed frame 5111/10004
Processed frame 5121/10004
Processed frame 5131/10004
Processed frame 5141/10004
Processed frame 5151/10004
Processed frame 5161/10004
Processed frame 5171/10004
Processed frame 5181/10004
Processed frame 5191/10004
Processed frame 5201/10004
Processed frame 5211/10004
Processed frame 5221/10004
Processed frame 5231/10004
Processed frame 5241/10004
Processed frame 5251/10004
Processed frame 5261/10004
Processed frame 5271/10004
Processed frame 5281/10004
Processed frame 5291/10004
Processed frame 5301/10004
Processed frame 5311/10004
Processed frame 5321/10004
Processed frame 5331/10004
Processed frame 5341/10004
Processed frame 5351/10004
Processed frame 5361/10004
Processed frame 5371/10004
Processed frame 5381/10004
Processed frame 5391/10004
Processed frame 5401/10004
Processed frame 5411/10004
Processed frame 5421/10004
Processed frame 5431/10004
Processed frame 5441/10004
Processed frame 5451/10004
Processed frame 5461/10004
Processed frame 5471/10004
Processed frame 5481/10004
Processed frame 5491/10004
Processed frame 5501/10004
Processed frame 5511/10004
Processed frame 5521/10004
Processed frame 5531/10004
Processed frame 5541/10004
Processed frame 5551/10004
Processed frame 5561/10004
Processed frame 5571/10004
Processed frame 5581/10004
Processed frame 5591/10004
Processed frame 5601/10004
Processed frame 5611/10004
Processed frame 5621/10004
Processed frame 5631/10004
Processed frame 5641/10004
Processed frame 5651/10004
Processed frame 5661/10004
Processed frame 5671/10004
Processed frame 5681/10004
Processed frame 5691/10004
Processed frame 5701/10004
Processed frame 5711/10004
Processed frame 5721/10004
Processed frame 5731/10004
Processed frame 5741/10004
Processed frame 5751/10004
Processed frame 5761/10004
Processed frame 5771/10004
Processed frame 5781/10004
Processed frame 5791/10004
Processed frame 5801/10004
Processed frame 5811/10004
Processed frame 5821/10004
Processed frame 5831/10004
Processed frame 5841/10004
Processed frame 5851/10004
Processed frame 5861/10004
Processed frame 5871/10004
Processed frame 5881/10004
Processed frame 5891/10004
Processed frame 5901/10004
Processed frame 5911/10004
Processed frame 5921/10004
Processed frame 5931/10004
Processed frame 5941/10004
Processed frame 5951/10004
Processed frame 5961/10004
Processed frame 5971/10004
Processed frame 5981/10004
Processed frame 5991/10004
Processed frame 6001/10004
Processed frame 6011/10004
Processed frame 6021/10004
Processed frame 6031/10004
Processed frame 6041/10004
Processed frame 6051/10004
Processed frame 6061/10004
Processed frame 6071/10004
Processed frame 6081/10004
Processed frame 6091/10004
Processed frame 6101/10004
Processed frame 6111/10004
Processed frame 6121/10004
Processed frame 6131/10004
Processed frame 6141/10004
Processed frame 6151/10004
Processed frame 6161/10004
Processed frame 6171/10004
Processed frame 6181/10004
Processed frame 6191/10004
Processed frame 6201/10004
Processed frame 6211/10004
Processed frame 6221/10004
Processed frame 6231/10004
Processed frame 6241/10004
Processed frame 6251/10004
Processed frame 6261/10004
Processed frame 6271/10004
Processed frame 6281/10004
Processed frame 6291/10004
Processed frame 6301/10004
Processed frame 6311/10004
Processed frame 6321/10004
Processed frame 6331/10004
Processed frame 6341/10004
Processed frame 6351/10004
Processed frame 6361/10004
Processed frame 6371/10004
Processed frame 6381/10004
Processed frame 6391/10004
Processed frame 6401/10004
Processed frame 6411/10004
Processed frame 6421/10004
Processed frame 6431/10004
Processed frame 6441/10004
Processed frame 6451/10004
Processed frame 6461/10004
Processed frame 6471/10004
Processed frame 6481/10004
Processed frame 6491/10004
Processed frame 6501/10004
Processed frame 6511/10004
Processed frame 6521/10004
Processed frame 6531/10004
Processed frame 6541/10004
Processed frame 6551/10004
Processed frame 6561/10004
Processed frame 6571/10004
Processed frame 6581/10004
Processed frame 6591/10004
Processed frame 6601/10004
Processed frame 6611/10004
Processed frame 6621/10004
Processed frame 6631/10004
Processed frame 6641/10004
Processed frame 6651/10004
Processed frame 6661/10004
Processed frame 6671/10004
Processed frame 6681/10004
Processed frame 6691/10004
Processed frame 6701/10004
Processed frame 6711/10004
Processed frame 6721/10004
Processed frame 6731/10004
Processed frame 6741/10004
Processed frame 6751/10004
Processed frame 6761/10004
Processed frame 6771/10004
Processed frame 6781/10004
Processed frame 6791/10004
Processed frame 6801/10004
Processed frame 6811/10004
Processed frame 6821/10004
Processed frame 6831/10004
Processed frame 6841/10004
Processed frame 6851/10004
Processed frame 6861/10004
Processed frame 6871/10004
Processed frame 6881/10004
Processed frame 6891/10004
Processed frame 6901/10004
Processed frame 6911/10004
Processed frame 6921/10004
Processed frame 6931/10004
Processed frame 6941/10004
Processed frame 6951/10004
Processed frame 6961/10004
Processed frame 6971/10004
Processed frame 6981/10004
Processed frame 6991/10004
Processed frame 7001/10004
Processed frame 7011/10004
Processed frame 7021/10004
Processed frame 7031/10004
Processed frame 7041/10004
Processed frame 7051/10004
Processed frame 7061/10004
Processed frame 7071/10004
Processed frame 7081/10004
Processed frame 7091/10004
Processed frame 7101/10004
Processed frame 7111/10004
Processed frame 7121/10004
Processed frame 7131/10004
Processed frame 7141/10004
Processed frame 7151/10004
Processed frame 7161/10004
Processed frame 7171/10004
Processed frame 7181/10004
Processed frame 7191/10004
Processed frame 7201/10004
Processed frame 7211/10004
Processed frame 7221/10004
Processed frame 7231/10004
Processed frame 7241/10004
Processed frame 7251/10004
Processed frame 7261/10004
Processed frame 7271/10004
Processed frame 7281/10004
Processed frame 7291/10004
Processed frame 7301/10004
Processed frame 7311/10004
Processed frame 7321/10004
Processed frame 7331/10004
Processed frame 7341/10004
Processed frame 7351/10004
Processed frame 7361/10004
Processed frame 7371/10004
Processed frame 7381/10004
Processed frame 7391/10004
Processed frame 7401/10004
Processed frame 7411/10004
Processed frame 7421/10004
Processed frame 7431/10004
Processed frame 7441/10004
Processed frame 7451/10004
Processed frame 7461/10004
Processed frame 7471/10004
Processed frame 7481/10004
Processed frame 7491/10004
Processed frame 7501/10004
Processed frame 7511/10004
Processed frame 7521/10004
Processed frame 7531/10004
Processed frame 7541/10004
Processed frame 7551/10004
Processed frame 7561/10004
Processed frame 7571/10004
Processed frame 7581/10004
Processed frame 7591/10004
Processed frame 7601/10004
Processed frame 7611/10004
Processed frame 7621/10004
Processed frame 7631/10004
Processed frame 7641/10004
Processed frame 7651/10004
Processed frame 7661/10004
Processed frame 7671/10004
Processed frame 7681/10004
Processed frame 7691/10004
Processed frame 7701/10004
Processed frame 7711/10004
Processed frame 7721/10004
Processed frame 7731/10004
Processed frame 7741/10004
Processed frame 7751/10004
Processed frame 7761/10004
Processed frame 7771/10004
Processed frame 7781/10004
Processed frame 7791/10004
Processed frame 7801/10004
Processed frame 7811/10004
Processed frame 7821/10004
Processed frame 7831/10004
Processed frame 7841/10004
Processed frame 7851/10004
Processed frame 7861/10004
Processed frame 7871/10004
Processed frame 7881/10004
Processed frame 7891/10004
Processed frame 7901/10004
Processed frame 7911/10004
Processed frame 7921/10004
Processed frame 7931/10004
Processed frame 7941/10004
Processed frame 7951/10004
Processed frame 7961/10004
Processed frame 7971/10004
Processed frame 7981/10004
Processed frame 7991/10004
Processed frame 8001/10004
Processed frame 8011/10004
Processed frame 8021/10004
Processed frame 8031/10004
Processed frame 8041/10004
Processed frame 8051/10004
Processed frame 8061/10004
Processed frame 8071/10004
Processed frame 8081/10004
Processed frame 8091/10004
Processed frame 8101/10004
Processed frame 8111/10004
Processed frame 8121/10004
Processed frame 8131/10004
Processed frame 8141/10004
Processed frame 8151/10004
Processed frame 8161/10004
Processed frame 8171/10004
Processed frame 8181/10004
Processed frame 8191/10004
Processed frame 8201/10004
Processed frame 8211/10004
Processed frame 8221/10004
Processed frame 8231/10004
Processed frame 8241/10004
Processed frame 8251/10004
Processed frame 8261/10004
Processed frame 8271/10004
Processed frame 8281/10004
Processed frame 8291/10004
Processed frame 8301/10004
Processed frame 8311/10004
Processed frame 8321/10004
Processed frame 8331/10004
Processed frame 8341/10004
Processed frame 8351/10004
Processed frame 8361/10004
Processed frame 8371/10004
Processed frame 8381/10004
Processed frame 8391/10004
Processed frame 8401/10004
Processed frame 8411/10004
Processed frame 8421/10004
Processed frame 8431/10004
Processed frame 8441/10004
Processed frame 8451/10004
Processed frame 8461/10004
Processed frame 8471/10004
Processed frame 8481/10004
Processed frame 8491/10004
Processed frame 8501/10004
Processed frame 8511/10004
Processed frame 8521/10004
Processed frame 8531/10004
Processed frame 8541/10004
Processed frame 8551/10004
Processed frame 8561/10004
Processed frame 8571/10004
Processed frame 8581/10004
Processed frame 8591/10004
Processed frame 8601/10004
Processed frame 8611/10004
Processed frame 8621/10004
Processed frame 8631/10004
Processed frame 8641/10004
Processed frame 8651/10004
Processed frame 8661/10004
Processed frame 8671/10004
Processed frame 8681/10004
Processed frame 8691/10004
Processed frame 8701/10004
Processed frame 8711/10004
Processed frame 8721/10004
Processed frame 8731/10004
Processed frame 8741/10004
Processed frame 8751/10004
Processed frame 8761/10004
Processed frame 8771/10004
Processed frame 8781/10004
Processed frame 8791/10004
Processed frame 8801/10004
Processed frame 8811/10004
Processed frame 8821/10004
Processed frame 8831/10004
Processed frame 8841/10004
Processed frame 8851/10004
Processed frame 8861/10004
Processed frame 8871/10004
Processed frame 8881/10004
Processed frame 8891/10004
Processed frame 8901/10004
Processed frame 8911/10004
Processed frame 8921/10004
Processed frame 8931/10004
Processed frame 8941/10004
Processed frame 8951/10004
Processed frame 8961/10004
Processed frame 8971/10004
Processed frame 8981/10004
Processed frame 8991/10004
Processed frame 9001/10004
Processed frame 9011/10004
Processed frame 9021/10004
Processed frame 9031/10004
Processed frame 9041/10004
Processed frame 9051/10004
Processed frame 9061/10004
Processed frame 9071/10004
Processed frame 9081/10004
Processed frame 9091/10004
Processed frame 9101/10004
Processed frame 9111/10004
Processed frame 9121/10004
Processed frame 9131/10004
Processed frame 9141/10004
Processed frame 9151/10004
Processed frame 9161/10004
Processed frame 9171/10004
Processed frame 9181/10004
Processed frame 9191/10004
Processed frame 9201/10004
Processed frame 9211/10004
Processed frame 9221/10004
Processed frame 9231/10004
Processed frame 9241/10004
Processed frame 9251/10004
Processed frame 9261/10004
Processed frame 9271/10004
Processed frame 9281/10004
Processed frame 9291/10004
Processed frame 9301/10004
Processed frame 9311/10004
Processed frame 9321/10004
Processed frame 9331/10004
Processed frame 9341/10004
Processed frame 9351/10004
Processed frame 9361/10004
Processed frame 9371/10004
Processed frame 9381/10004
Processed frame 9391/10004
Processed frame 9401/10004
Processed frame 9411/10004
Processed frame 9421/10004
Processed frame 9431/10004
Processed frame 9441/10004
Processed frame 9451/10004
Processed frame 9461/10004
Processed frame 9471/10004
Processed frame 9481/10004
Processed frame 9491/10004
Processed frame 9501/10004
Processed frame 9511/10004
Processed frame 9521/10004
Processed frame 9531/10004
Processed frame 9541/10004
Processed frame 9551/10004
Processed frame 9561/10004
Processed frame 9571/10004
Processed frame 9581/10004
Processed frame 9591/10004
Processed frame 9601/10004
Processed frame 9611/10004
Processed frame 9621/10004
Processed frame 9631/10004
Processed frame 9641/10004
Processed frame 9651/10004
Processed frame 9661/10004
Processed frame 9671/10004
Processed frame 9681/10004
Processed frame 9691/10004
Processed frame 9701/10004
Processed frame 9711/10004
Processed frame 9721/10004
Processed frame 9731/10004
Processed frame 9741/10004
Processed frame 9751/10004
Processed frame 9761/10004
Processed frame 9771/10004
Processed frame 9781/10004
Processed frame 9791/10004
Processed frame 9801/10004
Processed frame 9811/10004
Processed frame 9821/10004
Processed frame 9831/10004
Processed frame 9841/10004
Processed frame 9851/10004
Processed frame 9861/10004
Processed frame 9871/10004
Processed frame 9881/10004
Processed frame 9891/10004
Processed frame 9901/10004
Processed frame 9911/10004
Processed frame 9921/10004
Processed frame 9931/10004
Processed frame 9941/10004
Processed frame 9951/10004
Processed frame 9961/10004
Processed frame 9971/10004
Processed frame 9981/10004
Processed frame 9991/10004
Processed frame 10001/10004
Processed 10004 frames. Mapped data saved to cg_mapped_data
RDF plot saved to cg_mapped_data/rdf_plot.png
CG mapping complete!
